Dataset loaded successfully.
Sales distribution plotted successfully.
Sales vs Profit plotted successfully.
Category-wise sales plotted successfully.
Sub-Category-wise sales plotted successfully.
Monthly sales trend plotted successfully.
Profit margin by category plotted successfully.
Region-wise sales plotted successfully.
Discount vs Profit plotted successfully.
Sales distribution by state plotted successfully.
Ship mode distribution plotted successfully.
Dataset loaded successfully.
Dataset loaded successfully.
Dataset loaded successfully.
Dataset loaded successfully.
Dataset loaded successfully.
Dataset loaded successfully.
Sales distribution plotted successfully.
Sales distribution plotted successfully.
Sales vs Profit plotted successfully.
Sales vs Profit plotted successfully.
Category-wise sales plotted successfully.
Category-wise sales plotted successfully.
Sub-Category-wise sales plotted successfully.
Sub-Category-wise sales plotted successfully.
Monthly sales trend plotted successfully.
Monthly sales trend plotted successfully.
Profit margin by category plotted successfully.
Profit margin by category plotted successfully.
Region-wise sales plotted successfully.
Region-wise sales plotted successfully.
Discount vs Profit plotted successfully.
Discount vs Profit plotted successfully.
Sales distribution by state plotted successfully.
Sales distribution by state plotted successfully.
Ship mode distribution plotted successfully.
Ship mode distribution plotted successfully.
Dataset loaded successfully.
Dataset loaded successfully.
Dataset loaded successfully.
Dataset loaded successfully.
Dataset loaded successfully.
Sales distribution plotted successfully.
Sales distribution plotted successfully.
Sales distribution plotted successfully.
Sales vs Profit plotted successfully.
Sales vs Profit plotted successfully.
Sales vs Profit plotted successfully.
Category-wise sales plotted successfully.
Category-wise sales plotted successfully.
Category-wise sales plotted successfully.
Sub-Category-wise sales plotted successfully.
Sub-Category-wise sales plotted successfully.
Sub-Category-wise sales plotted successfully.
Monthly sales trend plotted successfully.
Monthly sales trend plotted successfully.
Monthly sales trend plotted successfully.
Profit margin by category plotted successfully.
Profit margin by category plotted successfully.
Profit margin by category plotted successfully.
Region-wise sales plotted successfully.
Region-wise sales plotted successfully.
Region-wise sales plotted successfully.
Discount vs Profit plotted successfully.
Discount vs Profit plotted successfully.
Discount vs Profit plotted successfully.
Sales distribution by state plotted successfully.
Sales distribution by state plotted successfully.
Sales distribution by state plotted successfully.
Ship mode distribution plotted successfully.
Ship mode distribution plotted successfully.
Ship mode distribution plotted successfully.
Dataset loaded successfully.
Dataset loaded successfully.
Dataset loaded successfully.
Dataset loaded successfully.
Dataset loaded successfully.
Dataset loaded successfully.
Dataset loaded successfully.
Sales distribution plotted successfully.
Sales distribution plotted successfully.
Sales distribution plotted successfully.
Sales distribution plotted successfully.
Sales vs Profit plotted successfully.
Sales vs Profit plotted successfully.
Sales vs Profit plotted successfully.
Sales vs Profit plotted successfully.
Category-wise sales plotted successfully.
Category-wise sales plotted successfully.
Category-wise sales plotted successfully.
Category-wise sales plotted successfully.
Sub-Category-wise sales plotted successfully.
Sub-Category-wise sales plotted successfully.
Sub-Category-wise sales plotted successfully.
Sub-Category-wise sales plotted successfully.
Monthly sales trend plotted successfully.
Monthly sales trend plotted successfully.
Monthly sales trend plotted successfully.
Monthly sales trend plotted successfully.
Profit margin by category plotted successfully.
Profit margin by category plotted successfully.
Profit margin by category plotted successfully.
Profit margin by category plotted successfully.
Region-wise sales plotted successfully.
Region-wise sales plotted successfully.
Region-wise sales plotted successfully.
Region-wise sales plotted successfully.
Discount vs Profit plotted successfully.
Discount vs Profit plotted successfully.
Discount vs Profit plotted successfully.
Discount vs Profit plotted successfully.
Sales distribution by state plotted successfully.
Sales distribution by state plotted successfully.
Sales distribution by state plotted successfully.
Sales distribution by state plotted successfully.
Ship mode distribution plotted successfully.
Ship mode distribution plotted successfully.
Ship mode distribution plotted successfully.
Ship mode distribution plotted successfully.
Dataset loaded successfully.
Dataset loaded successfully.
Dataset loaded successfully.
Dataset loaded successfully.
